#
# A fatal error has been detected by the Java Runtime Environment:
#
#  Internal Error (javaClasses.cpp:129), pid=3296, tid=6536
#  fatal error: Invalid layout of preloaded class
#
# JRE version: 7.0_15-b03
# Java VM: Java HotSpot(TM) 64-Bit Server VM (23.7-b01 mixed mode windows-amd64 compressed oops)
# Failed to write core dump. Minidumps are not enabled by default on client versions of Windows
#
# If you would like to submit a bug report, please visit:
#   http://bugreport.sun.com/bugreport/crash.jsp
#

---------------  T H R E A D  ---------------

Current thread (0x00000000021bc800):  JavaThread "Unknown thread" [_thread_in_vm, id=6536, stack(0x0000000002540000,0x0000000002640000)]

Stack: [0x0000000002540000,0x0000000002640000]

---------------  P R O C E S S  ---------------

Java Threads: ( => current thread )

Other Threads:

=>0x00000000021bc800 (exited) JavaThread "Unknown thread" [_thread_in_vm, id=6536, stack(0x0000000002540000,0x0000000002640000)]

VM state:not at safepoint (not fully initialized)

VM Mutex/Monitor currently owned by a thread: None

GC Heap History (0 events):
No events

Deoptimization events (0 events):
No events

Internal exceptions (0 events):
No events

Events (10 events):
Event: 0.013 loading class 0x0000000002222fb0 done
Event: 0.014 loading class 0x00000000021e95f0 done
Event: 0.014 loading class 0x00000000021e95c0
Event: 0.014 loading class 0x000000000719c430
Event: 0.014 loading class 0x000000000719c430 done
Event: 0.014 loading class 0x000000000719c470
Event: 0.014 loading class 0x000000000719c470 done
Event: 0.014 loading class 0x000000000719d740
Event: 0.014 loading class 0x000000000719d740 done
Event: 0.014 loading class 0x00000000021e95c0 done


Dynamic libraries:
0x000000013f8c0000 - 0x000000013f8f3000 	C:\Program Files\Java\jre7\bin\javaw.exe
0x0000000077a00000 - 0x0000000077bac000 	C:\Windows\SYSTEM32\ntdll.dll
0x000000006dd60000 - 0x000000006ddad000 	C:\Program Files\AVAST Software\Avast\snxhk64.dll
0x0000000077690000 - 0x00000000777af000 	C:\Windows\system32\KERNEL32.dll
0x000007fefdfe0000 - 0x000007fefe04c000 	C:\Windows\system32\KERNELBASE.dll
0x000007feff560000 - 0x000007feff63b000 	C:\Windows\system32\ADVAPI32.dll
0x000007feff3d0000 - 0x000007feff46f000 	C:\Windows\system32\msvcrt.dll
0x000007feff9d0000 - 0x000007feff9ef000 	C:\Windows\SYSTEM32\sechost.dll
0x000007fefe310000 - 0x000007fefe43e000 	C:\Windows\system32\RPCRT4.dll
0x0000000077900000 - 0x00000000779fa000 	C:\Windows\system32\USER32.dll
0x000007feff470000 - 0x000007feff4d7000 	C:\Windows\system32\GDI32.dll
0x000007feff640000 - 0x000007feff64e000 	C:\Windows\system32\LPK.dll
0x000007fefe240000 - 0x000007fefe30a000 	C:\Windows\system32\USP10.dll
0x000007fefc900000 - 0x000007fefcaf4000 	C:\Windows\WinSxS\amd64_microsoft.windows.common-controls_6595b64144ccf1df_6.0.7600.16661_none_fa62ad231704eab7\COMCTL32.dll
0x000007feff4e0000 - 0x000007feff551000 	C:\Windows\system32\SHLWAPI.dll
0x000007feff380000 - 0x000007feff3ae000 	C:\Windows\system32\IMM32.DLL
0x000007feff9f0000 - 0x000007feffaf9000 	C:\Windows\system32\MSCTF.dll
0x00000000729a0000 - 0x0000000072a71000 	C:\Program Files\Java\jre7\bin\msvcr100.dll
0x00000000670d0000 - 0x00000000677ef000 	C:\Program Files\Java\jre7\bin\server\jvm.dll
0x000007fef5040000 - 0x000007fef5049000 	C:\Windows\system32\WSOCK32.dll
0x000007fefe440000 - 0x000007fefe48d000 	C:\Windows\system32\WS2_32.dll
0x000007feff9c0000 - 0x000007feff9c8000 	C:\Windows\system32\NSI.dll
0x000007fef9650000 - 0x000007fef968b000 	C:\Windows\system32\WINMM.dll
0x0000000077bd0000 - 0x0000000077bd7000 	C:\Windows\system32\PSAPI.DLL
0x00000000735a0000 - 0x00000000735af000 	C:\Program Files\Java\jre7\bin\verify.dll
0x00000000731b0000 - 0x00000000731d8000 	C:\Program Files\Java\jre7\bin\java.dll
0x0000000073190000 - 0x00000000731a5000 	C:\Program Files\Java\jre7\bin\zip.dll

VM Arguments:
jvm_args: -Dfile.encoding=Cp1253 -Xbootclasspath:E:\TEI\tl2\adt-bundle-windows-x86_64-20130219\sdk\platforms\android-17\android.jar 
java_command: org.eclipse.jdt.internal.junit.runner.RemoteTestRunner -version 3 -port 52659 -testLoaderClass org.eclipse.jdt.internal.junit4.runner.JUnit4TestLoader -loaderpluginname org.eclipse.jdt.junit4.runtime -classNames com.example.calerem.c_configurationTest2
Launcher Type: SUN_STANDARD

Environment Variables:
PATH=C:\Program Files (x86)\CollabNet;C:\Program Files (x86)\Embarcadero\RAD Studio\10.0\bin;C:\Users\Public\Documents\RAD Studio\10.0\Bpl;C:\PROGRA~2\Borland\CBUILD~1\Bin;C:\PROGRA~2\Borland\CBUILD~1\Projects\Bpl;C:\Program Files\Common Files\Microsoft Shared\Windows Live;C:\Program Files (x86)\Common Files\Microsoft Shared\Windows Live;C:\Windows\system32;C:\Windows;C:\Windows\System32\Wbem;C:\Windows\System32\WindowsPowerShell\v1.0\;C:\Program Files (x86)\Windows Live\Shared;C:\Program Files\TortoiseSVN\bin
USERNAME=Panos
OS=Windows_NT
PROCESSOR_IDENTIFIER=AMD64 Family 15 Model 67 Stepping 3, AuthenticAMD



---------------  S Y S T E M  ---------------

OS: Windows 7 , 64 bit Build 7600 

CPU:total 2 (2 cores per cpu, 1 threads per core) family 15 model 67 stepping 3, cmov, cx8, fxsr, mmx, sse, sse2, sse3, mmxext, 3dnowpref, tsc

Memory: 4k page, physical 2095608k(469716k free), swap 5416068k(598624k free)

vm_info: Java HotSpot(TM) 64-Bit Server VM (23.7-b01) for windows-amd64 JRE (1.7.0_15-b03), built on Feb 15 2013 13:43:57 by "java_re" with unknown MS VC++:1600

time: Fri Mar 29 21:57:44 2013
elapsed time: 0 seconds

